# JRE version: Java(TM) SE Runtime Environment (8.0_31-b13) (build 1.8.0_31-b13)
# Java VM: Java HotSpot(TM) 64-Bit Server VM (25.31-b07 mixed mode windows-amd64 compressed oops)
Heap:
 PSYoungGen      total 149504K, used 39550K [0x00000000d5580000, 0x00000000df480000, 0x0000000100000000)
  eden space 138240K, 20% used [0x00000000d5580000,0x00000000d711f9d8,0x00000000ddc80000)
  from space 11264K, 100% used [0x00000000de780000,0x00000000df280000,0x00000000df280000)
  to   space 11264K, 0% used [0x00000000ddc80000,0x00000000ddc80000,0x00000000de780000)
 ParOldGen       total 97280K, used 28739K [0x0000000080000000, 0x0000000085f00000, 0x00000000d5580000)
  object space 97280K, 29% used [0x0000000080000000,0x0000000081c10d20,0x0000000085f00000)
 Metaspace       used 50620K, capacity 51944K, committed 51968K, reserved 1093632K
  class space    used 6885K, capacity 7149K, committed 7168K, reserved 1048576K
GC Heap History (10 events):
Event: 19.736 GC heap before
{Heap before GC invocations=8 (full 1):
 PSYoungGen      total 101888K, used 99087K [0x00000000d5580000, 0x00000000dc500000, 0x0000000100000000)
  eden space 93696K, 100% used [0x00000000d5580000,0x00000000db100000,0x00000000db100000)
  from space 8192K, 65% used [0x00000000dbd00000,0x00000000dc243c60,0x00000000dc500000)
  to   space 10240K, 0% used [0x00000000db100000,0x00000000db100000,0x00000000dbb00000)
 ParOldGen       total 64512K, used 10602K [0x0000000080000000, 0x0000000083f00000, 0x00000000d5580000)
  object space 64512K, 16% used [0x0000000080000000,0x0000000080a5ab30,0x0000000083f00000)
 Metaspace       used 32975K, capacity 33540K, committed 33920K, reserved 1079296K
  class space    used 4531K, capacity 4696K, committed 4736K, reserved 1048576K
Event: 19.800 GC heap after
Heap after GC invocations=8 (full 1):
 PSYoungGen      total 103936K, used 10044K [0x00000000d5580000, 0x00000000df280000, 0x0000000100000000)
  eden space 93696K, 0% used [0x00000000d5580000,0x00000000d5580000,0x00000000db100000)
  from space 10240K, 98% used [0x00000000db100000,0x00000000dbacf198,0x00000000dbb00000)
  to   space 11264K, 0% used [0x00000000de780000,0x00000000de780000,0x00000000df280000)
 ParOldGen       total 64512K, used 10610K [0x0000000080000000, 0x0000000083f00000, 0x00000000d5580000)
  object space 64512K, 16% used [0x0000000080000000,0x0000000080a5cb30,0x0000000083f00000)
 Metaspace       used 32975K, capacity 33540K, committed 33920K, reserved 1079296K
  class space    used 4531K, capacity 4696K, committed 4736K, reserved 1048576K
}
Event: 20.571 GC heap before
{Heap before GC invocations=9 (full 1):
 PSYoungGen      total 103936K, used 27537K [0x00000000d5580000, 0x00000000df280000, 0x0000000100000000)
  eden space 93696K, 18% used [0x00000000d5580000,0x00000000d6695420,0x00000000db100000)
  from space 10240K, 98% used [0x00000000db100000,0x00000000dbacf198,0x00000000dbb00000)
  to   space 11264K, 0% used [0x00000000de780000,0x00000000de780000,0x00000000df280000)
 ParOldGen       total 64512K, used 10610K [0x0000000080000000, 0x0000000083f00000, 0x00000000d5580000)
  object space 64512K, 16% used [0x0000000080000000,0x0000000080a5cb30,0x0000000083f00000)
 Metaspace       used 34599K, capacity 35176K, committed 35456K, reserved 1079296K
  class space    used 4753K, capacity 4894K, committed 4992K, reserved 1048576K
Event: 20.581 GC heap after
Heap after GC invocations=9 (full 1):
 PSYoungGen      total 149504K, used 7948K [0x00000000d5580000, 0x00000000df480000, 0x0000000100000000)
  eden space 138240K, 0% used [0x00000000d5580000,0x00000000d5580000,0x00000000ddc80000)
  from space 11264K, 70% used [0x00000000de780000,0x00000000def43098,0x00000000df280000)
  to   space 11264K, 0% used [0x00000000ddc80000,0x00000000ddc80000,0x00000000de780000)
 ParOldGen       total 64512K, used 10682K [0x0000000080000000, 0x0000000083f00000, 0x00000000d5580000)
  object space 64512K, 16% used [0x0000000080000000,0x0000000080a6eb40,0x0000000083f00000)
 Metaspace       used 34599K, capacity 35176K, committed 35456K, reserved 1079296K
  class space    used 4753K, capacity 4894K, committed 4992K, reserved 1048576K
}
Event: 20.581 GC heap before
{Heap before GC invocations=10 (full 2):
 PSYoungGen      total 149504K, used 7948K [0x00000000d5580000, 0x00000000df480000, 0x0000000100000000)
  eden space 138240K, 0% used [0x00000000d5580000,0x00000000d5580000,0x00000000ddc80000)
  from space 11264K, 70% used [0x00000000de780000,0x00000000def43098,0x00000000df280000)
  to   space 11264K, 0% used [0x00000000ddc80000,0x00000000ddc80000,0x00000000de780000)
 ParOldGen       total 64512K, used 10682K [0x0000000080000000, 0x0000000083f00000, 0x00000000d5580000)
  object space 64512K, 16% used [0x0000000080000000,0x0000000080a6eb40,0x0000000083f00000)
 Metaspace       used 34599K, capacity 35176K, committed 35456K, reserved 1079296K
  class space    used 4753K, capacity 4894K, committed 4992K, reserved 1048576K
Event: 20.729 GC heap after
Heap after GC invocations=10 (full 2):
 PSYoungGen      total 149504K, used 0K [0x00000000d5580000, 0x00000000df480000, 0x0000000100000000)
  eden space 138240K, 0% used [0x00000000d5580000,0x00000000d5580000,0x00000000ddc80000)
  from space 11264K, 0% used [0x00000000de780000,0x00000000de780000,0x00000000df280000)
  to   space 11264K, 0% used [0x00000000ddc80000,0x00000000ddc80000,0x00000000de780000)
 ParOldGen       total 97280K, used 14791K [0x0000000080000000, 0x0000000085f00000, 0x00000000d5580000)
  object space 97280K, 15% used [0x0000000080000000,0x0000000080e71c98,0x0000000085f00000)
 Metaspace       used 34599K, capacity 35176K, committed 35456K, reserved 1079296K
  class space    used 4753K, capacity 4894K, committed 4992K, reserved 1048576K
}
Event: 29.290 GC heap before
{Heap before GC invocations=11 (full 2):
 PSYoungGen      total 149504K, used 138240K [0x00000000d5580000, 0x00000000df480000, 0x0000000100000000)
  eden space 138240K, 100% used [0x00000000d5580000,0x00000000ddc80000,0x00000000ddc80000)
  from space 11264K, 0% used [0x00000000de780000,0x00000000de780000,0x00000000df280000)
  to   space 11264K, 0% used [0x00000000ddc80000,0x00000000ddc80000,0x00000000de780000)
 ParOldGen       total 97280K, used 14791K [0x0000000080000000, 0x0000000085f00000, 0x00000000d5580000)
  object space 97280K, 15% used [0x0000000080000000,0x0000000080e71c98,0x0000000085f00000)
 Metaspace       used 44025K, capacity 45106K, committed 45312K, reserved 1087488K
  class space    used 6047K, capacity 6274K, committed 6400K, reserved 1048576K
Event: 29.307 GC heap after
Heap after GC invocations=11 (full 2):
 PSYoungGen      total 149504K, used 11245K [0x00000000d5580000, 0x00000000df480000, 0x0000000100000000)
  eden space 138240K, 0% used [0x00000000d5580000,0x00000000d5580000,0x00000000ddc80000)
  from space 11264K, 99% used [0x00000000ddc80000,0x00000000de77b7d8,0x00000000de780000)
  to   space 11264K, 0% used [0x00000000de780000,0x00000000de780000,0x00000000df280000)
 ParOldGen       total 97280K, used 16675K [0x0000000080000000, 0x0000000085f00000, 0x00000000d5580000)
  object space 97280K, 17% used [0x0000000080000000,0x0000000081048c98,0x0000000085f00000)
 Metaspace       used 44025K, capacity 45106K, committed 45312K, reserved 1087488K
  class space    used 6047K, capacity 6274K, committed 6400K, reserved 1048576K
}
Event: 43.797 GC heap before
{Heap before GC invocations=12 (full 2):
 PSYoungGen      total 149504K, used 149485K [0x00000000d5580000, 0x00000000df480000, 0x0000000100000000)
  eden space 138240K, 100% used [0x00000000d5580000,0x00000000ddc80000,0x00000000ddc80000)
  from space 11264K, 99% used [0x00000000ddc80000,0x00000000de77b7d8,0x00000000de780000)
  to   space 11264K, 0% used [0x00000000de780000,0x00000000de780000,0x00000000df280000)
 ParOldGen       total 97280K, used 16675K [0x0000000080000000, 0x0000000085f00000, 0x00000000d5580000)
  object space 97280K, 17% used [0x0000000080000000,0x0000000081048c98,0x0000000085f00000)
 Metaspace       used 50082K, capacity 51294K, committed 51456K, reserved 1093632K
  class space    used 6814K, capacity 7090K, committed 7168K, reserved 1048576K
Event: 43.861 GC heap after
Heap after GC invocations=12 (full 2):
 PSYoungGen      total 149504K, used 11264K [0x00000000d5580000, 0x00000000df480000, 0x0000000100000000)
  eden space 138240K, 0% used [0x00000000d5580000,0x00000000d5580000,0x00000000ddc80000)
  from space 11264K, 100% used [0x00000000de780000,0x00000000df280000,0x00000000df280000)
  to   space 11264K, 0% used [0x00000000ddc80000,0x00000000ddc80000,0x00000000de780000)
 ParOldGen       total 97280K, used 28739K [0x0000000080000000, 0x0000000085f00000, 0x00000000d5580000)
  object space 97280K, 29% used [0x0000000080000000,0x0000000081c10d20,0x0000000085f00000)
 Metaspace       used 50082K, capacity 51294K, committed 51456K, reserved 1093632K
  class space    used 6814K, capacity 7090K, committed 7168K, reserved 1048576K
}

